{
    "critiques": {
        "680": {
            "rubric_items": {
                "5510": {
                    "autograded": true,
                    "result": "failed",
                    "observation": "Not all of the tests passed.\n\n```\n************************************************************************\n                         Test Failure Feedback                          \n************************************************************************\n\nFailed Test: 5. Test interface of AlphaBetaPlayer.alphabeta()\n----------------------------------------------------------------------\nTraceback (most recent call last):\nAttributeError: 'AlphaBetaPlayer' object has no attribute 'best_score'\n\nDuring handling of the above exception, another exception occurred:\n\nAssertionError: The AlphaBetaPlayer object had no alphabeta() method.\n\n\nFailed Test: 6. Test the interface of AlphaBetaPlayer.get_move()\n----------------------------------------------------------------------\nTraceback (most recent call last):\n  File \"/home/vmuser_lmkiybtw/workspace/game_agent.py\", line 406, in get_move\n    for depth in range(self.TIMER_THRESHOLD):\nTypeError: 'float' object cannot be interpreted as an integer\n\n\nFailed Test: 7. Test functionality of AlphaBetaPlayer.alphabeta()\n----------------------------------------------------------------------\nTraceback (most recent call last):\n  File \"/home/vmuser_lmkiybtw/workspace/game_agent.py\", line 532, in alphabeta\n    if best_score > self.best_score:\nAttributeError: 'AlphaBetaPlayer' object has no attribute 'best_score'\n\n\nFailed Test: 9. Test iterative deepening in AlphaBetaPlayer.get_move()\n----------------------------------------------------------------------\nTraceback (most recent call last):\n  File \"/home/vmuser_lmkiybtw/workspace/game_agent.py\", line 406, in get_move\n    for depth in range(self.TIMER_THRESHOLD):\nTypeError: 'float' object cannot be interpreted as an integer\n\n\nFailed Test: 10. Test that AlphaBetaPlayer successfully plays a full game\n----------------------------------------------------------------------\nTraceback (most recent call last):\nTypeError: 'float' object cannot be interpreted as an integer\n\nDuring handling of the above exception, another exception occurred:\n\nAssertionError: Your agent raised an error while attempting to play a complete game against another agent.  Make sure that your agent can play an entire game -- including selecting initial moves on an empty board.\nException: 'float' object cannot be interpreted as an integer\n\n\n************************************************************************\n                          Test Result Summary                           \n************************************************************************\n\n1. Test output interface of MinimaxPlayer.minimax():                   .\n2. Test functionality of MinimaxPlayer.minimax():                      .\n3. Test that minimax() raises SearchTimeout when the timer expires:    .\n4. Test that MinimaxPlayer successfully plays a full game:             .\n5. Test interface of AlphaBetaPlayer.alphabeta():                      F\n6. Test the interface of AlphaBetaPlayer.get_move():                   E\n7. Test functionality of AlphaBetaPlayer.alphabeta():                  E\n8. Test that alphabeta() raises SearchTimeout when the timer expires:  .\n9. Test iterative deepening in AlphaBetaPlayer.get_move():             E\n10. Test that AlphaBetaPlayer successfully plays a full game:          F\n11. Test output interface of custom_score():                           .\n12. Test output interface of custom_score_2():                         .\n13. Test output interface of custom_score_3():                         .\n\n------------------------------------------------------------------------\n            . - Test Passed    F - Test Failed    E - Error             \n\n```"
                },
                "7303": {
                    "autograded": true,
                    "result": "failed",
                    "observation": "Not all of the tests passed.\n\n```\n************************************************************************\n                         Test Failure Feedback                          \n************************************************************************\n\nFailed Test: 14. Submission includes heuristic_analysis.pdf\n----------------------------------------------------------------------\nAssertionError: False is not true : You must submit a report named heuristic_analysis.pdf for review.\n\n\nFailed Test: 15. Submission includes research_review.pdf\n----------------------------------------------------------------------\nAssertionError: False is not true : You must submit a report named research_review.pdf for review.\n\n\n************************************************************************\n                          Test Result Summary                           \n************************************************************************\n\n14. Submission includes heuristic_analysis.pdf:                        F\n15. Submission includes research_review.pdf:                           F\n\n------------------------------------------------------------------------\n            . - Test Passed    F - Test Failed    E - Error             \n\n```"
                }
            }
        }
    }
}