{
    "critiques": {
        "680": {
            "rubric_items": {
                "5510": {
                    "autograded": true,
                    "result": "failed",
                    "observation": "Not all of the tests passed.\n\n```\n************************************************************************\n                         Test Failure Feedback                          \n************************************************************************\n\nFailed Test: 5. Test interface of AlphaBetaPlayer.alphabeta()\n----------------------------------------------------------------------\nTraceback (most recent call last):\n  File \"/home/vmuser_eyrtnoiw/workspace/game_agent.py\", line 496, in alphabeta\n    move, score = self.__alphabeta(game, self.search_depth)\n  File \"/home/vmuser_eyrtnoiw/workspace/game_agent.py\", line 506, in __alphabeta\n    if self.time_left() < self.TIMER_THRESHOLD:\nTypeError: 'int' object is not callable\n\n\nFailed Test: 7. Test functionality of AlphaBetaPlayer.alphabeta()\n----------------------------------------------------------------------\nTraceback (most recent call last):\n  File \"/home/vmuser_eyrtnoiw/workspace/game_agent.py\", line 496, in alphabeta\n    move, score = self.__alphabeta(game, self.search_depth)\n  File \"/home/vmuser_eyrtnoiw/workspace/game_agent.py\", line 506, in __alphabeta\n    if self.time_left() < self.TIMER_THRESHOLD:\nTypeError: 'int' object is not callable\n\n\nFailed Test: 8. Test that alphabeta() raises SearchTimeout when the timer expires\n----------------------------------------------------------------------\nTraceback (most recent call last):\n  File \"/home/vmuser_eyrtnoiw/workspace/game_agent.py\", line 496, in alphabeta\n    move, score = self.__alphabeta(game, self.search_depth)\n  File \"/home/vmuser_eyrtnoiw/workspace/game_agent.py\", line 506, in __alphabeta\n    if self.time_left() < self.TIMER_THRESHOLD:\nTypeError: 'int' object is not callable\n\n\nFailed Test: 9. Test iterative deepening in AlphaBetaPlayer.get_move()\n----------------------------------------------------------------------\nTraceback (most recent call last):\n  File \"/home/vmuser_eyrtnoiw/workspace/game_agent.py\", line 427, in get_move\n    move, score = self.__alphabeta(game.copy(), depth)\n  File \"/home/vmuser_eyrtnoiw/workspace/game_agent.py\", line 515, in __alphabeta\n    score = self.min_v(game.forecast_move(move), depth - 1, alpha, beta)\n  File \"/home/vmuser_eyrtnoiw/workspace/game_agent.py\", line 482, in min_v\n    v = min(v, self.max_v(game.forecast_move(move), depth - 1, alpha, beta))\n  File \"/home/vmuser_eyrtnoiw/workspace/game_agent.py\", line 461, in max_v\n    v = max(v, self.min_v(game.forecast_move(move), depth - 1, alpha, beta))\n  File \"/home/vmuser_eyrtnoiw/workspace/game_agent.py\", line 482, in min_v\n    v = min(v, self.max_v(game.forecast_move(move), depth - 1, alpha, beta))\n  File \"/home/vmuser_eyrtnoiw/workspace/game_agent.py\", line 461, in max_v\n    v = max(v, self.min_v(game.forecast_move(move), depth - 1, alpha, beta))\n  File \"/home/vmuser_eyrtnoiw/workspace/game_agent.py\", line 482, in min_v\n    v = min(v, self.max_v(game.forecast_move(move), depth - 1, alpha, beta))\n  File \"/home/vmuser_eyrtnoiw/workspace/game_agent.py\", line 461, in max_v\n    v = max(v, self.min_v(game.forecast_move(move), depth - 1, alpha, beta))\n  File \"/home/vmuser_eyrtnoiw/workspace/game_agent.py\", line 482, in min_v\n    v = min(v, self.max_v(game.forecast_move(move), depth - 1, alpha, beta))\n  File \"/home/vmuser_eyrtnoiw/workspace/game_agent.py\", line 461, in max_v\n    v = max(v, self.min_v(game.forecast_move(move), depth - 1, alpha, beta))\n  File \"/home/vmuser_eyrtnoiw/workspace/game_agent.py\", line 482, in min_v\n    v = min(v, self.max_v(game.forecast_move(move), depth - 1, alpha, beta))\n  File \"/home/vmuser_eyrtnoiw/workspace/game_agent.py\", line 452, in max_v\n    if self.time_left() < self.TIMER_THRESHOLD:\n  File \"/home/vmuser_eyrtnoiw/testcases.py\", line 64, in timeout\n    \"Otherwise you may need to work on making your code more efficient.\"\nRuntimeError: Your agent ran much longer than expected for this test case. Check your search termination conditions to ensure you are cutting off at the depth limit or when the game ends. Otherwise you may need to work on making your code more efficient.\n\n\n************************************************************************\n                          Test Result Summary                           \n************************************************************************\n\n1. Test output interface of MinimaxPlayer.minimax():                   .\n2. Test functionality of MinimaxPlayer.minimax():                      .\n3. Test that minimax() raises SearchTimeout when the timer expires:    .\n4. Test that MinimaxPlayer successfully plays a full game:             .\n5. Test interface of AlphaBetaPlayer.alphabeta():                      E\n6. Test the interface of AlphaBetaPlayer.get_move():                   .\n7. Test functionality of AlphaBetaPlayer.alphabeta():                  E\n8. Test that alphabeta() raises SearchTimeout when the timer expires:  E\n9. Test iterative deepening in AlphaBetaPlayer.get_move():             E\n10. Test that AlphaBetaPlayer successfully plays a full game:          .\n11. Test output interface of custom_score():                           .\n12. Test output interface of custom_score_2():                         .\n13. Test output interface of custom_score_3():                         .\n\n------------------------------------------------------------------------\n            . - Test Passed    F - Test Failed    E - Error             \n\n```"
                },
                "7303": {
                    "autograded": true,
                    "result": "failed",
                    "observation": "Not all of the tests passed.\n\n```\n************************************************************************\n                         Test Failure Feedback                          \n************************************************************************\n\nFailed Test: 14. Submission includes heuristic_analysis.pdf\n----------------------------------------------------------------------\nAssertionError: False is not true : You must submit a report named heuristic_analysis.pdf for review.\n\n\nFailed Test: 15. Submission includes research_review.pdf\n----------------------------------------------------------------------\nAssertionError: False is not true : You must submit a report named research_review.pdf for review.\n\n\n************************************************************************\n                          Test Result Summary                           \n************************************************************************\n\n14. Submission includes heuristic_analysis.pdf:                        F\n15. Submission includes research_review.pdf:                           F\n\n------------------------------------------------------------------------\n            . - Test Passed    F - Test Failed    E - Error             \n\n```"
                }
            }
        }
    }
}